Arguments: 
  /Users/jon/.nvm/versions/node/v8.10.0/bin/node /Users/jon/.nvm/versions/node/v8.10.0/bin/yarn add sentry-expo

PATH: 
  /Users/jon/.rbenv/shims:/Users/jon/.nvm/versions/node/v8.10.0/bin:/Users/jon/.rbenv/shims:/Users/jon/.rbenv/bin:/Users/jon/bin:/Users/jon/Library/Android/sdk/platform-tools:/usr/local/bin:/usr/bin:/bin:/usr/sbin:/sbin:/Users/jon/go/bin:/usr/local/opt/go/libexec/bin

Yarn version: 
  1.7.0

Node version: 
  8.10.0

Platform: 
  darwin x64

Trace: 
  SyntaxError: /Users/jon/Documents/dev/amelia/package.json: Unexpected token } in JSON at position 481
      at JSON.parse (<anonymous>)
      at /Users/jon/.nvm/versions/node/v8.10.0/lib/node_modules/yarn/lib/cli.js:1130:59
      at Generator.next (<anonymous>)
      at step (/Users/jon/.nvm/versions/node/v8.10.0/lib/node_modules/yarn/lib/cli.js:98:30)
      at /Users/jon/.nvm/versions/node/v8.10.0/lib/node_modules/yarn/lib/cli.js:109:13
      at <anonymous>

npm manifest: 
  {
    "name": "empty-project-template",
    "main": "node_modules/expo/AppEntry.js",
    "private": true,
    "scripts": {
      "start": "expo start",
      "android": "expo start --android",
      "ios": "expo start --ios",
      "eject": "expo eject"
    },
    "dependencies": {
      "expo": "^30.0.1",
      "react": "16.3.1",
      "react-native": "https://github.com/expo/react-native/archive/sdk-30.0.0.tar.gz",
      "prop-types": "^15.6.1",
      "redux-actions": "2.2.1",
      "reselect": "3.0.1",
    },
    "devDependencies": {
      "babel-core": "6.26.0",
      "babel-eslint": "8.2.2",
      "babel-plugin-transform-react-jsx-source": "6.22.0",
      "babel-polyfill": "6.26.0",
      "babel-preset-codecademy": "1.1.0",
      "babel-preset-env": "1.6.1",
      "babel-preset-es2015": "6.24.1",
      "babel-preset-expo": "4.0.0",
      "babel-preset-react-hmre": "1.1.1",
      "eslint": "4.18.2",
      "eslint-config-airbnb": "16.1.0",
      "eslint-config-prettier": "2.9.0",
      "eslint-plugin-import": "2.9.0",
      "eslint-plugin-jsx-a11y": "6.0.3",
      "eslint-plugin-react": "7.7.0",
      "prettier": "1.14.2",
      "prettier-eslint": "8.8.1",
      "babel-cli": "6.26.0",
    }
  }

yarn manifest: 
  No manifest

Lockfile: 
  No lockfile
